APK/app/build/outputs/mapping/release/seeds.txt
fr.totoshampoin.dummy.twa.DelegationService
fr.totoshampoin.dummy.twa.Application: Application()
fr.totoshampoin.dummy.twa.Application
fr.totoshampoin.dummy.twa.LauncherActivity: LauncherActivity()
fr.totoshampoin.dummy.twa.LauncherActivity
fr.totoshampoin.dummy.twa.DelegationService: DelegationService()
...
com.google.android.gms.common.api.GoogleApiActivity
androidx.core.app.RemoteActionCompatParcelizer: void write(androidx.core.app.RemoteActionCompat,androidx.versionedparcelable.VersionedParcel)
androidx.loader.app.LoaderManagerImpl$LoaderViewModel: LoaderManagerImpl$LoaderViewModel()
com.google.android.gms.common.internal.ResolveAccountResponse: android.os.Parcelable$Creator CREATOR
androidx.lifecycle.CompositeGeneratedAdaptersObserver
com.google.androidbrowserhelper.trusted.FocusActivity
androidx.core.app.RemoteActionCompatParcelizer: RemoteActionCompatParcelizer()
androidx.lifecycle.Lifecycle$Event: androidx.lifecycle.Lifecycle$Event ON_CREATE
android.support.v4.app.RemoteActionCompatParcelizer: androidx.core.app.RemoteActionCompat read(androidx.versionedparcelable.VersionedParcel)
androidx.fragment.app.BackStackState: android.os.Parcelable$Creator CREATOR
com.google.androidbrowserhelper.trusted.ManageDataLauncherActivity: ManageDataLauncherActivity()
androidx.lifecycle.Lifecycle$Event: androidx.lifecycle.Lifecycle$Event ON_DESTROY
android.support.v4.graphics.drawable.IconCompatParcelizer: void write(androidx.core.graphics.drawable.IconCompat,androidx.versionedparcelable.VersionedParcel)
androidx.core.app.RemoteActionCompatParcelizer: androidx.core.app.RemoteActionCompat read(androidx.versionedparcelable.VersionedParcel)
androidx.core.app.RemoteActionCompatParcelizer
androidx.versionedparcelable.ParcelImpl: android.os.Parcelable$Creator CREATOR
androidx.browser.browseractions.BrowserActionsFallbackMenuView
androidx.core.graphics.drawable.IconCompat
androidx.loader.app.LoaderManagerImpl$LoaderViewModel
com.google.android.gms.location.LocationResult: android.os.Parcelable$Creator CREATOR
androidx.fragment.app.FragmentManagerState: android.os.Parcelable$Creator CREATOR
android.support.v4.app.RemoteActionCompatParcelizer: RemoteActionCompatParcelizer()
com.google.androidbrowserhelper.trusted.FocusActivity: FocusActivity()
com.google.android.gms.common.util.DynamiteApi
com.google.android.gms.signin.internal.zaj: android.os.Parcelable$Creator CREATOR
androidx.lifecycle.Lifecycle$Event: androidx.lifecycle.Lifecycle$Event ON_START
androidx.core.graphics.drawable.IconCompatParcelizer: void write(androidx.core.graphics.drawable.IconCompat,androidx.versionedparcelable.VersionedParcel)
androidx.core.app.CoreComponentFactory
com.google.android.gms.location.zzj: android.os.Parcelable$Creator CREATOR
androidx.browser.trusted.TrustedWebActivityService: TrustedWebActivityService()
com.google.android.gms.location.LocationAvailability: android.os.Parcelable$Creator CREATOR
androidx.lifecycle.LiveData$LifecycleBoundObserver
androidx.lifecycle.Lifecycle$Event: androidx.lifecycle.Lifecycle$Event ON_RESUME
android.support.v4.app.RemoteActionCompatParcelizer
com.google.androidbrowserhelper.trusted.DelegationService: DelegationService()
androidx.lifecycle.Lifecycle$Event: androidx.lifecycle.Lifecycle$Event ON_STOP
com.google.androidbrowserhelper.trusted.ManageDataLauncherActivity
com.google.android.gms.internal.location.zzm: android.os.Parcelable$Creator CREATOR
androidx.versionedparcelable.ParcelImpl
androidx.versionedparcelable.CustomVersionedParcelable: CustomVersionedParcelable()
com.google.android.gms.common.api.Status: android.os.Parcelable$Creator CREATOR
com.google.android.gms.common.internal.ClientIdentity: android.os.Parcelable$Creator CREATOR
androidx.core.graphics.drawable.IconCompat: IconCompat()
androidx.lifecycle.Lifecycle$State: androidx.lifecycle.Lifecycle$State[] values()
androidx.lifecycle.Lifecycle$Event: androidx.lifecycle.Lifecycle$Event valueOf(java.lang.String)
com.google.androidbrowserhelper.trusted.WebViewFallbackActivity: WebViewFallbackActivity()
android.support.v4.graphics.drawable.IconCompatParcelizer
com.google.androidbrowserhelper.trusted.LauncherActivity: LauncherActivity()