APK/app/build/outputs/mapping/release/mapping.txt
# compiler: R8
# compiler_version: 2.1.86
# min_api: 19
# pg_map_id: 177b6af
# common_typos_disable
fr.totoshampoin.dummy.twa.LauncherActivity -> fr.totoshampoin.dummy.twa.LauncherActivity:
    android.net.Uri getLaunchingUrl() -> f
...
androidx.fragment.app.Fragment$1 -> b.e.a.d$a:
    androidx.fragment.app.Fragment this$0 -> a
androidx.fragment.app.Fragment$2 -> b.e.a.d$b:
    androidx.fragment.app.Fragment this$0 -> a
    androidx.fragment.app.Fragment instantiate(android.content.Context,java.lang.String,android.os.Bundle) -> a
    android.view.View onFindViewById(int) -> b
    boolean onHasView() -> c
androidx.fragment.app.Fragment$3 -> b.e.a.d$c:
    androidx.fragment.app.Fragment this$0 -> a
    androidx.lifecycle.Lifecycle getLifecycle() -> a
androidx.fragment.app.Fragment$AnimationInfo -> b.e.a.d$d:
    java.lang.Object mReenterTransition -> j
    java.lang.Object mSharedElementEnterTransition -> k
    java.lang.Object mReturnTransition -> h
    java.lang.Object mExitTransition -> i
    androidx.core.app.SharedElementCallback mEnterTransitionCallback -> o
    java.lang.Object mEnterTransition -> g
    androidx.core.app.SharedElementCallback mExitTransitionCallback -> p
    int mNextTransitionStyle -> f
    int mNextAnim -> d
    java.lang.Boolean mAllowReturnTransitionOverlap -> m
    int mNextTransition -> e
    java.lang.Boolean mAllowEnterTransitionOverlap -> n
    boolean mEnterTransitionPostponed -> q
    int mStateAfterAnimating -> c
    java.lang.Object mSharedElementReturnTransition -> l
    boolean mIsHideReplaced -> s
    androidx.fragment.app.Fragment$OnStartEnterTransitionListener mStartEnterTransitionListener -> r
    android.animation.Animator mAnimator -> b
    android.view.View mAnimatingAway -> a
androidx.fragment.app.Fragment$InstantiationException -> b.e.a.d$e:
androidx.fragment.app.Fragment$OnStartEnterTransitionListener -> b.e.a.d$f:
    void onStartEnterTransition() -> a
    void startListening() -> b
androidx.fragment.app.FragmentActivity -> b.e.a.e:
    androidx.fragment.app.FragmentController mFragments -> c
    boolean mStartedIntentSenderFromFragment -> i
    android.os.Handler mHandler -> b
    androidx.lifecycle.ViewModelStore mViewModelStore -> d
    boolean mStartedActivityFromFragment -> j
    int mNextCandidateRequestIndex -> k
    boolean mCreated -> e
    boolean mResumed -> f
    boolean mStopped -> g
    boolean mRequestedPermissionsFromFragment -> h
    androidx.collection.SparseArrayCompat mPendingFragmentActivityResults -> l
    androidx.lifecycle.Lifecycle getLifecycle() -> a
    void validateRequestPermissionsRequestCode(int) -> b
    androidx.lifecycle.ViewModelStore getViewModelStore() -> c
    void checkForValidRequestCode(int) -> e
    android.view.View dispatchFragmentsOnCreateView(android.view.View,java.lang.String,android.content.Context,android.util.AttributeSet) -> f
    androidx.fragment.app.FragmentManager getSupportFragmentManager() -> g
    void markFragmentsCreated() -> h
    boolean markState(androidx.fragment.app.FragmentManager,androidx.lifecycle.Lifecycle$State) -> i
    void onAttachFragment(androidx.fragment.app.Fragment) -> j
    boolean onPrepareOptionsPanel(android.view.View,android.view.Menu) -> k
    void onResumeFragments() -> l
    java.lang.Object onRetainCustomNonConfigurationInstance() -> m
    void supportInvalidateOptionsMenu() -> n
androidx.fragment.app.FragmentActivity$1 -> b.e.a.e$a:
    androidx.fragment.app.FragmentActivity this$0 -> a
androidx.fragment.app.FragmentActivity$HostCallbacks -> b.e.a.e$b:
    androidx.fragment.app.FragmentActivity this$0 -> e
    android.view.View onFindViewById(int) -> b
    boolean onHasView() -> c
    void onAttachFragment(androidx.fragment.app.Fragment) -> h
    void onDump(java.lang.String,java.io.FileDescriptor,java.io.PrintWriter,java.lang.String[]) -> i
    android.view.LayoutInflater onGetLayoutInflater() -> j
    int onGetWindowAnimations() -> k
    boolean onHasWindowAnimations() -> l
    boolean onShouldSaveFragmentState(androidx.fragment.app.Fragment) -> m
    void onSupportInvalidateOptionsMenu() -> n