APK/app/build/outputs/mapping/release/usage.txt
fr.totoshampoin.dummy.twa.R$xml
fr.totoshampoin.dummy.twa.R$drawable
fr.totoshampoin.dummy.twa.R$id
fr.totoshampoin.dummy.twa.R$color
fr.totoshampoin.dummy.twa.R$mipmap
fr.totoshampoin.dummy.twa.R$styleable
fr.totoshampoin.dummy.twa.R$bool
fr.totoshampoin.dummy.twa.R$style
fr.totoshampoin.dummy.twa.R$layout
fr.totoshampoin.dummy.twa.R$string
fr.totoshampoin.dummy.twa.R$raw
fr.totoshampoin.dummy.twa.R$dimen
fr.totoshampoin.dummy.twa.BuildConfig
fr.totoshampoin.dummy.twa.R
fr.totoshampoin.dummy.twa.R$attr
fr.totoshampoin.dummy.twa.R$integer
...
androidx.viewpager.R$integer
androidx.versionedparcelable.ParcelUtils
com.google.android.gms.common.internal.SignInButtonConfig
androidx.core.text.util.LinkifyCompat$LinkifyMask
com.google.android.gms.common.images.ImageManager
com.google.android.gms.common.internal.AccountType
androidx.asynclayoutinflater.view.AsyncLayoutInflater$1
com.google.android.gms.common.api.internal.TaskApiCall
com.google.android.gms.location.zzg
com.google.android.gms.common.internal.GmsClientSupervisor:
    public boolean bindService(java.lang.String,android.content.ServiceConnection,java.lang.String)
    public boolean bindService(android.content.ComponentName,android.content.ServiceConnection,java.lang.String)
    public void unbindService(java.lang.String,android.content.ServiceConnection,java.lang.String)
    public void unbindService(android.content.ComponentName,android.content.ServiceConnection,java.lang.String)
androidx.core.view.accessibility.AccessibilityEventCompat
androidx.core.accessibilityservice.AccessibilityServiceInfoCompat
androidx.interpolator.view.animation.LookupTableInterpolator
com.google.android.gms.common.api.internal.zaba
androidx.core.provider.FontsContractCompat$TypefaceResult
com.google.android.gms.common.server.converter.zab
androidx.core.content.res.FontResourcesParserCompat
com.google.android.gms.tasks.CancellationTokenSource
androidx.drawerlayout.R$string
com.google.android.gms.location.FusedLocationProviderClient
androidx.core.app.ComponentActivity:
    public void putExtraData(androidx.core.app.ComponentActivity$ExtraData)
    public androidx.core.app.ComponentActivity$ExtraData getExtraData(java.lang.Class)
androidx.fragment.app.FragmentActivity$HostCallbacks:
    public androidx.fragment.app.FragmentActivity onGetHost()
    public void onStartActivityFromFragment(androidx.fragment.app.Fragment,android.content.Intent,int)
    public void onStartIntentSenderFromFragment(androidx.fragment.app.Fragment,android.content.IntentSender,int,android.content.Intent,int,int,int,android.os.Bundle)
    public void onRequestPermissionsFromFragment(androidx.fragment.app.Fragment,java.lang.String[],int)
    public boolean onShouldShowRequestPermissionRationale(java.lang.String)
    public synthetic bridge java.lang.Object onGetHost()
androidx.core.view.ScrollingView
androidx.core.hardware.display.DisplayManagerCompat
androidx.core.widget.NestedScrollView$SavedState$1
androidx.core.app.FrameMetricsAggregator$MetricType
androidx.legacy.coreui.R$drawable
com.google.android.gms.common.GoogleApiAvailability:
    public com.google.android.gms.tasks.Task makeGooglePlayServicesAvailable(android.app.Activity)
    public android.app.Dialog getErrorDialog(android.app.Activity,int,int)
    public boolean showErrorDialogFragment(android.app.Activity,int,int)
    public void showErrorNotification(android.content.Context,com.google.android.gms.common.ConnectionResult)
    public varargs com.google.android.gms.tasks.Task checkApiAvailability(com.google.android.gms.common.api.GoogleApi,com.google.android.gms.common.api.GoogleApi[])
    public void setDefaultNotificationChannelId(android.content.Context,java.lang.String)
    public int getClientVersion(android.content.Context)
    public static final java.lang.String GOOGLE_PLAY_SERVICES_PACKAGE
androidx.core.widget.TextViewCompat
androidx.lifecycle.MediatorLiveData$Source
androidx.swiperefreshlayout.widget.SwipeRefreshLayout$1
androidx.core.graphics.PathParser
androidx.core.graphics.TypefaceCompatBaseImpl$2
androidx.core.view.accessibility.AccessibilityManagerCompat
androidx.drawerlayout.widget.DrawerLayout$ViewDragCallback$1
androidx.core.view.GestureDetectorCompat$GestureDetectorCompatImplJellybeanMr2
androidx.browser.customtabs.CustomTabsSession$MockSession
androidx.core.content.PermissionChecker
androidx.core.provider.SelfDestructiveThread$ReplyCallback
androidx.legacy.coreui.R$color
androidx.customview.R$color